<?xml version="1.0" encoding="UTF-8"?>
<!-- Generated by org.testng.reporters.JUnitXMLReporter -->
<testsuite hostname="INPF182FJR" ignored="1" name="Free CRM App Test Cases" tests="5" failures="0" timestamp="2021-04-11T13:22:08 IST" time="249.764" errors="0">
  <testcase name="loginTest" time="10.985" classname="com.crm.qa.testcases.LoginPageTest"/>
  <testcase name="verify_homepage_title" time="0.021" classname="com.crm.qa.testcases.HomePageTest"/>
  <testcase name="verify_username_text" time="3.104" classname="com.crm.qa.testcases.HomePageTest"/>
  <testcase name="verifyContactsLinkTest" time="9.312" classname="com.crm.qa.testcases.HomePageTest"/>
  <testcase name="verifyContactsTableHeadingTest" time="0.105" classname="com.crm.qa.testcases.ContactsPageTest"/>
  <testcase name="verifyContactsTitleTest" time="0.0" classname="com.crm.qa.testcases.ContactsPageTest">
    <ignored/>
  </testcase> <!-- verifyContactsTitleTest -->
</testsuite> <!-- Free CRM App Test Cases -->
